<?xml version="1.0" encoding="UTF-8"?>
<!-- Generated by org.testng.reporters.JUnitReportReporter -->
<testsuite hostname="Yoga6iRohit" failures="0" tests="1" name="testcases.GridTest" time="6.733" errors="0" timestamp="2024-12-16T21:50:11 IST" skipped="0">
  <testcase classname="testcases.GridTest" name="gridtest" time="6.733"/>
</testsuite> <!-- testcases.GridTest -->
