<?xml version="1.0" encoding="UTF-8"?>
<!-- Generated by org.testng.reporters.JUnitReportReporter -->
<testsuite hostname="Yoga6iRohit" failures="0" tests="1" name="testcases.FitPeoAutomation" time="21.210" errors="0" timestamp="2024-11-26T22:54:15 IST" skipped="0">
  <testcase classname="testcases.FitPeoAutomation" name="FitPeotest" time="21.210"/>
</testsuite> <!-- testcases.FitPeoAutomation -->
