<?xml version="1.0" encoding="UTF-8"?>
<!-- Generated by org.testng.reporters.JUnitReportReporter -->
<testsuite hostname="Yoga6iRohit" failures="0" tests="1" name="testcases.Homepagetest" time="23.839" errors="0" timestamp="2024-11-26T14:52:23 IST" skipped="0">
  <testcase classname="testcases.Homepagetest" name="hometest" time="23.839"/>
</testsuite> <!-- testcases.Homepagetest -->
