<?xml version="1.0" encoding="UTF-8"?>
<!-- Generated by org.testng.reporters.JUnitReportReporter -->
<testsuite hostname="Yoga6iRohit" failures="0" tests="1" name="testcases.FitPeoAutomation" time="27.680" errors="0" timestamp="2024-11-26T19:52:09 IST" skipped="0">
  <testcase classname="testcases.FitPeoAutomation" name="FitPeotest" time="27.680"/>
</testsuite> <!-- testcases.FitPeoAutomation -->
